DEBUG:MySQLPersistenceWrapper:2025-12-01 18:44:10,333:__init__:It works!
DEBUG:MySQLPersistenceWrapper:2025-12-01 18:44:10,334:__init__: DB Connection Config Dict: {'database': 'skill_endorsement_db', 'user': 'root', 'host': 'localhost', 'port': 3306}
DEBUG:MySQLPersistenceWrapper:2025-12-01 18:44:10,334:Creating connection pool...
ERROR:MySQLPersistenceWrapper:2025-12-01 18:44:10,337:_initialize_database_connection_pool: Problem creating connection pool: 2003 (HY000): Can't connect to MySQL server on 'localhost:3306' (111)
ERROR:MySQLPersistenceWrapper:2025-12-01 18:44:10,337:_initialize_database_connection_pool: Check DB cnfg:
{"pool": {"name": "app_name_db_bool", "size": 10, "reset_session": true}, "connection": {"config": {"database": "skill_endorsement_db", "user": "root", "host": "localhost", "port": 3306}}}
ERROR:MySQLPersistenceWrapper:2025-12-01 18:44:55,883:[PersistenceLayer] Query failed: add user: 'NoneType' object has no attribute 'get_connection'
ERROR:MySQLPersistenceWrapper:2025-12-01 18:44:55,884:[PersistenceLayer] Query failed: get users by name: 'NoneType' object has no attribute 'get_connection'
ERROR:MySQLPersistenceWrapper:2025-12-01 18:50:07,809:[PersistenceLayer] Query failed: add user: 'NoneType' object has no attribute 'get_connection'
ERROR:MySQLPersistenceWrapper:2025-12-01 18:50:07,810:[PersistenceLayer] Query failed: get users by name: 'NoneType' object has no attribute 'get_connection'
DEBUG:MySQLPersistenceWrapper:2025-12-01 18:50:46,937:__init__:It works!
DEBUG:MySQLPersistenceWrapper:2025-12-01 18:50:46,938:__init__: DB Connection Config Dict: {'database': 'skill_endorsement_db', 'user': 'root', 'host': 'localhost', 'port': 3306}
DEBUG:MySQLPersistenceWrapper:2025-12-01 18:50:46,938:Creating connection pool...
DEBUG:MySQLPersistenceWrapper:2025-12-01 18:50:46,958:_initialize_database_connection_pool: Connection pool successfully created!
DEBUG:AppServices:2025-12-01 18:50:46,958:__init__:It works!
DEBUG:UserInterface:2025-12-01 18:50:46,959:__init__: UI initialized!
DEBUG:UserInterface:2025-12-01 18:50:46,959:UI started!
DEBUG:MySQLPersistenceWrapper:2025-12-01 18:58:16,750:__init__:It works!
DEBUG:MySQLPersistenceWrapper:2025-12-01 18:58:16,751:__init__: DB Connection Config Dict: {'database': 'skill_endorsement_db', 'user': 'root', 'host': 'localhost', 'port': 3306}
DEBUG:MySQLPersistenceWrapper:2025-12-01 18:58:16,751:Creating connection pool...
DEBUG:MySQLPersistenceWrapper:2025-12-01 18:58:16,763:_initialize_database_connection_pool: Connection pool successfully created!
DEBUG:AppServices:2025-12-01 18:58:16,763:__init__:It works!
DEBUG:UserInterface:2025-12-01 18:58:16,763:__init__: UI initialized!
DEBUG:UserInterface:2025-12-01 18:58:16,764:UI started!
DEBUG:MySQLPersistenceWrapper:2025-12-01 18:58:28,892:__init__:It works!
DEBUG:MySQLPersistenceWrapper:2025-12-01 18:58:28,892:__init__: DB Connection Config Dict: {'database': 'skill_endorsement_db', 'user': 'root', 'host': 'localhost', 'port': 3306}
DEBUG:MySQLPersistenceWrapper:2025-12-01 18:58:28,892:Creating connection pool...
DEBUG:MySQLPersistenceWrapper:2025-12-01 18:58:28,903:_initialize_database_connection_pool: Connection pool successfully created!
DEBUG:AppServices:2025-12-01 18:58:28,903:__init__:It works!
DEBUG:UserInterface:2025-12-01 18:58:28,903:__init__: UI initialized!
DEBUG:UserInterface:2025-12-01 18:58:28,903:UI started!
DEBUG:MySQLPersistenceWrapper:2025-12-01 18:59:07,888:__init__:It works!
DEBUG:MySQLPersistenceWrapper:2025-12-01 18:59:07,888:__init__: DB Connection Config Dict: {'database': 'skill_endorsement_db', 'user': 'root', 'host': 'localhost', 'port': 3306}
DEBUG:MySQLPersistenceWrapper:2025-12-01 18:59:07,888:Creating connection pool...
DEBUG:MySQLPersistenceWrapper:2025-12-01 18:59:07,899:_initialize_database_connection_pool: Connection pool successfully created!
DEBUG:AppServices:2025-12-01 18:59:07,899:__init__:It works!
DEBUG:UserInterface:2025-12-01 18:59:07,899:__init__: UI initialized!
DEBUG:UserInterface:2025-12-01 18:59:07,899:UI started!
DEBUG:MySQLPersistenceWrapper:2025-12-01 18:59:33,849:__init__:It works!
DEBUG:MySQLPersistenceWrapper:2025-12-01 18:59:33,849:__init__: DB Connection Config Dict: {'database': 'skill_endorsement_db', 'user': 'root', 'host': 'localhost', 'port': 3306}
DEBUG:MySQLPersistenceWrapper:2025-12-01 18:59:33,849:Creating connection pool...
DEBUG:MySQLPersistenceWrapper:2025-12-01 18:59:33,861:_initialize_database_connection_pool: Connection pool successfully created!
DEBUG:AppServices:2025-12-01 18:59:33,861:__init__:It works!
DEBUG:UserInterface:2025-12-01 18:59:33,861:__init__: UI initialized!
DEBUG:UserInterface:2025-12-01 18:59:33,861:UI started!
DEBUG:MySQLPersistenceWrapper:2025-12-01 19:00:31,379:__init__:It works!
DEBUG:MySQLPersistenceWrapper:2025-12-01 19:00:31,379:__init__: DB Connection Config Dict: {'database': 'skill_endorsement_db', 'user': 'root', 'host': 'localhost', 'port': 3306}
DEBUG:MySQLPersistenceWrapper:2025-12-01 19:00:31,379:Creating connection pool...
DEBUG:MySQLPersistenceWrapper:2025-12-01 19:00:31,394:_initialize_database_connection_pool: Connection pool successfully created!
DEBUG:AppServices:2025-12-01 19:00:31,394:__init__:It works!
DEBUG:UserInterface:2025-12-01 19:00:31,394:__init__: UI initialized!
DEBUG:UserInterface:2025-12-01 19:00:31,394:UI started!
DEBUG:MySQLPersistenceWrapper:2025-12-01 19:01:01,249:__init__:It works!
DEBUG:MySQLPersistenceWrapper:2025-12-01 19:01:01,250:__init__: DB Connection Config Dict: {'database': 'skill_endorsement_db', 'user': 'root', 'host': 'localhost', 'port': 3306}
DEBUG:MySQLPersistenceWrapper:2025-12-01 19:01:01,250:Creating connection pool...
DEBUG:MySQLPersistenceWrapper:2025-12-01 19:01:01,264:_initialize_database_connection_pool: Connection pool successfully created!
DEBUG:AppServices:2025-12-01 19:01:01,264:__init__:It works!
DEBUG:UserInterface:2025-12-01 19:01:01,264:__init__: UI initialized!
DEBUG:UserInterface:2025-12-01 19:01:01,265:UI started!
DEBUG:MySQLPersistenceWrapper:2025-12-01 19:01:34,341:__init__:It works!
DEBUG:MySQLPersistenceWrapper:2025-12-01 19:01:34,341:__init__: DB Connection Config Dict: {'database': 'skill_endorsement_db', 'user': 'root', 'host': 'localhost', 'port': 3306}
DEBUG:MySQLPersistenceWrapper:2025-12-01 19:01:34,342:Creating connection pool...
DEBUG:MySQLPersistenceWrapper:2025-12-01 19:01:34,353:_initialize_database_connection_pool: Connection pool successfully created!
DEBUG:AppServices:2025-12-01 19:01:34,353:__init__:It works!
DEBUG:UserInterface:2025-12-01 19:01:34,353:__init__: UI initialized!
DEBUG:UserInterface:2025-12-01 19:01:34,354:UI started!
DEBUG:MySQLPersistenceWrapper:2025-12-01 19:18:32,704:__init__:It works!
DEBUG:MySQLPersistenceWrapper:2025-12-01 19:18:32,704:__init__: DB Connection Config Dict: {'database': 'skill_endorsement_db', 'user': 'root', 'host': 'localhost', 'port': 3306}
DEBUG:MySQLPersistenceWrapper:2025-12-01 19:18:32,704:Creating connection pool...
DEBUG:MySQLPersistenceWrapper:2025-12-01 19:18:32,715:_initialize_database_connection_pool: Connection pool successfully created!
DEBUG:AppServices:2025-12-01 19:18:32,715:__init__:It works!
DEBUG:UserInterface:2025-12-01 19:18:32,715:__init__: UI initialized!
DEBUG:UserInterface:2025-12-01 19:18:32,715:UI started!
DEBUG:MySQLPersistenceWrapper:2025-12-01 19:23:58,668:__init__:It works!
DEBUG:MySQLPersistenceWrapper:2025-12-01 19:23:58,668:__init__: DB Connection Config Dict: {'database': 'skill_endorsement_db', 'user': 'root', 'host': 'localhost', 'port': 3306}
DEBUG:MySQLPersistenceWrapper:2025-12-01 19:23:58,668:Creating connection pool...
DEBUG:MySQLPersistenceWrapper:2025-12-01 19:23:58,677:_initialize_database_connection_pool: Connection pool successfully created!
DEBUG:AppServices:2025-12-01 19:23:58,677:__init__:It works!
DEBUG:UserInterface:2025-12-01 19:23:58,678:__init__: UI initialized!
DEBUG:UserInterface:2025-12-01 19:23:58,678:UI started!
DEBUG:MySQLPersistenceWrapper:2025-12-01 19:46:41,484:__init__:It works!
DEBUG:MySQLPersistenceWrapper:2025-12-01 19:46:41,484:__init__: DB Connection Config Dict: {'database': 'skill_endorsement_db', 'user': 'root', 'host': 'localhost', 'port': 3306}
DEBUG:MySQLPersistenceWrapper:2025-12-01 19:46:41,485:Creating connection pool...
DEBUG:MySQLPersistenceWrapper:2025-12-01 19:46:41,494:_initialize_database_connection_pool: Connection pool successfully created!
DEBUG:AppServices:2025-12-01 19:46:41,494:__init__:It works!
DEBUG:UserInterface:2025-12-01 19:46:41,495:__init__: UI initialized!
DEBUG:UserInterface:2025-12-01 19:46:41,495:UI started!
DEBUG:MySQLPersistenceWrapper:2025-12-01 20:13:32,112:__init__:It works!
DEBUG:MySQLPersistenceWrapper:2025-12-01 20:13:32,112:__init__: DB Connection Config Dict: {'database': 'skill_endorsement_db', 'user': 'root', 'host': 'localhost', 'port': 3306}
DEBUG:MySQLPersistenceWrapper:2025-12-01 20:13:32,112:Creating connection pool...
DEBUG:MySQLPersistenceWrapper:2025-12-01 20:13:32,120:_initialize_database_connection_pool: Connection pool successfully created!
DEBUG:AppServices:2025-12-01 20:13:32,121:__init__:It works!
DEBUG:UserInterface:2025-12-01 20:13:32,121:__init__: UI initialized!
DEBUG:UserInterface:2025-12-01 20:13:32,121:UI started!
DEBUG:MySQLPersistenceWrapper:2025-12-01 20:16:11,881:__init__:It works!
DEBUG:MySQLPersistenceWrapper:2025-12-01 20:16:11,881:__init__: DB Connection Config Dict: {'database': 'skill_endorsement_db', 'user': 'root', 'host': 'localhost', 'port': 3306}
DEBUG:MySQLPersistenceWrapper:2025-12-01 20:16:11,881:Creating connection pool...
DEBUG:MySQLPersistenceWrapper:2025-12-01 20:16:11,891:_initialize_database_connection_pool: Connection pool successfully created!
DEBUG:AppServices:2025-12-01 20:16:11,891:__init__:It works!
DEBUG:UserInterface:2025-12-01 20:16:11,892:__init__: UI initialized!
DEBUG:UserInterface:2025-12-01 20:16:11,892:UI started!
DEBUG:MySQLPersistenceWrapper:2025-12-01 20:17:19,266:__init__:It works!
DEBUG:MySQLPersistenceWrapper:2025-12-01 20:17:19,266:__init__: DB Connection Config Dict: {'database': 'skill_endorsement_db', 'user': 'root', 'host': 'localhost', 'port': 3306}
DEBUG:MySQLPersistenceWrapper:2025-12-01 20:17:19,266:Creating connection pool...
DEBUG:MySQLPersistenceWrapper:2025-12-01 20:17:19,275:_initialize_database_connection_pool: Connection pool successfully created!
DEBUG:AppServices:2025-12-01 20:17:19,275:__init__:It works!
DEBUG:UserInterface:2025-12-01 20:17:19,275:__init__: UI initialized!
DEBUG:UserInterface:2025-12-01 20:17:19,275:UI started!
DEBUG:MySQLPersistenceWrapper:2025-12-01 20:17:42,939:__init__:It works!
DEBUG:MySQLPersistenceWrapper:2025-12-01 20:17:42,939:__init__: DB Connection Config Dict: {'database': 'skill_endorsement_db', 'user': 'root', 'host': 'localhost', 'port': 3306}
DEBUG:MySQLPersistenceWrapper:2025-12-01 20:17:42,939:Creating connection pool...
DEBUG:MySQLPersistenceWrapper:2025-12-01 20:17:42,949:_initialize_database_connection_pool: Connection pool successfully created!
DEBUG:AppServices:2025-12-01 20:17:42,949:__init__:It works!
DEBUG:UserInterface:2025-12-01 20:17:42,949:__init__: UI initialized!
DEBUG:UserInterface:2025-12-01 20:17:42,950:UI started!
